<?xml version="1.0" encoding="UTF-8"?>
<!-- Generated by org.testng.reporters.JUnitReportReporter -->
<testsuite hostname="TL1103" failures="0" tests="1" name="runner.RunnerClass" time="18.744" errors="0" timestamp="2025-04-15T12:57:38 IST" skipped="0">
  <testcase classname="runner.RunnerClass" name="runScenario" time="18.744"/>
  <system-out/>
</testsuite> <!-- runner.RunnerClass -->
